2021-05-28 17:43:07 [scrapy] DEBUG: Crawled (200) <GET http://quotes.toscrape.com/> (referer: None)
2021-05-28 17:43:07 [scrapy] INFO: Closing spider (finished)
2021-05-28 17:43:07 [scrapy] INFO: Dumping Scrapy stats:
{'downloader/request_bytes': 293,
 'downloader/request_count': 1,
 'downloader/request_method_count/GET': 1,
 'downloader/response_bytes': 2200,
 'downloader/response_count': 1,
 'downloader/response_status_count/200': 1,
 'elapsed_time_seconds': 1.091311,
 'finish_reason': 'finished',
 'finish_time': datetime.datetime(2021, 5, 28, 11, 58, 7, 190946),
 'httpcompression/response_bytes': 11053,
 'httpcompression/response_count': 1,
 'log_count/DEBUG': 2,
 'log_count/INFO': 7,
 'log_count/WARNING': 45,
 'response_received_count': 1,
 'scheduler/dequeued': 1,
 'scheduler/dequeued/memory': 1,
 'scheduler/enqueued': 1,
 'scheduler/enqueued/memory': 1,
 'start_time': datetime.datetime(2021, 5, 28, 11, 58, 6, 99635)}
2021-05-28 17:43:07 [scrapy] INFO: Spider closed (finished)
