2021-05-29 12:31:30 [scrapy] DEBUG: Crawled (200) <GET https://booksmandala.com/search?name=jiwan&page=1> (referer: None)
2021-05-29 12:31:31 [scrapy] DEBUG: Scraped from <200 https://booksmandala.com/search?name=jiwan&page=1>
{'title': ['/books/kosh-jiwan-pachhiko-jiwan'], 'author': ['Karna Shakya'], 'price': ['NPR.498']}
2021-05-29 12:31:31 [scrapy] DEBUG: Scraped from <200 https://booksmandala.com/search?name=jiwan&page=1>
{'title': ['/books/jiwan-kya-hai'], 'author': ['Osho'], 'price': ['NPR.312']}
2021-05-29 12:31:31 [scrapy] DEBUG: Scraped from <200 https://booksmandala.com/search?name=jiwan&page=1>
{'title': ['/books/kabi-bhanubhaktako-jiwancharitra'], 'author': ['Motiram bhatta'], 'price': ['NPR.125']}
2021-05-29 12:31:31 [scrapy] DEBUG: Scraped from <200 https://booksmandala.com/search?name=jiwan&page=1>
{'title': ['/books/jiwan-manthan'], 'author': ['Dr yogi bibekanandha'], 'price': ['NPR.150']}
2021-05-29 12:31:31 [scrapy] DEBUG: Scraped from <200 https://booksmandala.com/search?name=jiwan&page=1>
{'title': ['/books/kaiyou-jiwan-kaiyou-debatma'], 'author': ['Brayan Bij'], 'price': ['NPR.350']}
2021-05-29 12:31:31 [scrapy] DEBUG: Scraped from <200 https://booksmandala.com/search?name=jiwan&page=1>
{'title': ['/books/जीवन-कतिपय-jiwan-katipaya'], 'author': ['Janakraj Sapkota, जनकराज सापकोटा'], 'price': ['NPR.250']}
2021-05-29 12:31:31 [scrapy] DEBUG: Scraped from <200 https://booksmandala.com/search?name=jiwan&page=1>
{'title': ['/books/rastiya-jiwan-ma-shana-pradhan'], 'author': ['Govinda Gyawali '], 'price': ['NPR.175']}
2021-05-29 12:31:31 [scrapy] DEBUG: Scraped from <200 https://booksmandala.com/search?name=jiwan&page=1>
{'title': ['/books/antarikshako-khoj-jiwanko-khoj'], 'author': ['Achyut Koirala'], 'price': ['NPR.175']}
2021-05-29 12:31:31 [scrapy] DEBUG: Scraped from <200 https://booksmandala.com/search?name=jiwan&page=1>
{'title': ['/books/bir-saputako-jiwani'], 'author': ['S. P. Shrestha'], 'price': ['NPR.90']}
2021-05-29 12:31:31 [scrapy] DEBUG: Scraped from <200 https://booksmandala.com/search?name=jiwan&page=1>
{'title': ['/books/byasta-jiwan-me-iswor-ki-khoj'], 'author': ['Osho'], 'price': ['NPR.280']}
2021-05-29 12:31:32 [scrapy] DEBUG: Crawled (200) <GET https://booksmandala.com/search?name=jiwan&page=3> (referer: https://booksmandala.com/search?name=jiwan&page=1)
2021-05-29 12:31:32 [scrapy] DEBUG: Scraped from <200 https://booksmandala.com/search?name=jiwan&page=3>
{'title': ['/books/jiwan-badalne-lok-kathaharu'], 'author': ['Bishnu Sharma'], 'price': ['NPR.225']}
2021-05-29 12:31:32 [scrapy] DEBUG: Scraped from <200 https://booksmandala.com/search?name=jiwan&page=3>
{'title': ['/books/sadguru-jiwani-ra-darshan'], 'author': ['Anupam Pokharel'], 'price': ['NPR.375']}
2021-05-29 12:31:32 [scrapy] DEBUG: Scraped from <200 https://booksmandala.com/search?name=jiwan&page=3>
{'title': ['/books/bishow-hallauneharuko-gopya-jiwani'], 'author': ['Binita Poudel'], 'price': ['NPR.450']}
2021-05-29 12:31:32 [scrapy] DEBUG: Scraped from <200 https://booksmandala.com/search?name=jiwan&page=3>
{'title': ['/books/jangabahadurko-jiwanyatra'], 'author': ['Rambahadur pahadi'], 'price': ['NPR.425']}
2021-05-29 12:31:32 [scrapy] DEBUG: Scraped from <200 https://booksmandala.com/search?name=jiwan&page=3>
{'title': ['/books/jiwan-manthan-1'], 'author': ['Dr Yogi Bikasananda'], 'price': ['NPR.100']}
2021-05-29 12:31:32 [scrapy] DEBUG: Scraped from <200 https://booksmandala.com/search?name=jiwan&page=3>
{'title': ['/books/steve-jobs-jiwani'], 'author': ['Binita Poudel'], 'price': ['NPR.375']}
2021-05-29 12:31:32 [scrapy] DEBUG: Scraped from <200 https://booksmandala.com/search?name=jiwan&page=3>
{'title': ['/books/jiwanopayogi-dharmik-kathaharu'], 'author': ['Shanta Sinkhada'], 'price': ['NPR.300']}
2021-05-29 12:31:32 [scrapy] DEBUG: Scraped from <200 https://booksmandala.com/search?name=jiwan&page=3>
{'title': ['/books/maharaj-dev-shamsher-ko-jiwani'], 'author': ['Prakash A Raj'], 'price': ['NPR.100']}
2021-05-29 12:31:32 [scrapy] DEBUG: Scraped from <200 https://booksmandala.com/search?name=jiwan&page=3>
{'title': ['/books/panch-prasiddha-baigyanikharuko-jiwani'], 'author': ['Gopal Parajuli'], 'price': ['NPR.50']}
2021-05-29 12:31:32 [scrapy] DEBUG: Scraped from <200 https://booksmandala.com/search?name=jiwan&page=3>
{'title': ['/books/jiwan-sangarsa-ra-youn'], 'author': ['taslima nasrin'], 'price': ['NPR.280']}
2021-05-29 12:31:32 [scrapy] INFO: Closing spider (finished)
2021-05-29 12:31:32 [scrapy] INFO: Dumping Scrapy stats:
{'downloader/request_bytes': 1230,
 'downloader/request_count': 2,
 'downloader/request_method_count/GET': 2,
 'downloader/response_bytes': 39617,
 'downloader/response_count': 2,
 'downloader/response_status_count/200': 2,
 'elapsed_time_seconds': 7.24774,
 'finish_reason': 'finished',
 'finish_time': datetime.datetime(2021, 5, 29, 6, 46, 32, 286581),
 'httpcompression/response_bytes': 395931,
 'httpcompression/response_count': 2,
 'item_scraped_count': 20,
 'log_count/DEBUG': 49,
 'log_count/INFO': 13,
 'log_count/WARNING': 90,
 'request_depth_max': 1,
 'response_received_count': 2,
 'scheduler/dequeued': 2,
 'scheduler/dequeued/memory': 2,
 'scheduler/enqueued': 2,
 'scheduler/enqueued/memory': 2,
 'start_time': datetime.datetime(2021, 5, 29, 6, 46, 25, 38841)}
2021-05-29 12:31:32 [scrapy] INFO: Spider closed (finished)
