2021-05-30 11:29:33 [scrapy] DEBUG: Crawled (200) <GET https://booksmandala.com/search?name=jiwan&page=1> (referer: None)
2021-05-30 11:29:33 [scrapy] DEBUG: Scraped from <200 https://booksmandala.com/search?name=jiwan&page=1>
{'title': ['/books/kosh-jiwan-pachhiko-jiwan'], 'author': ['Karna Shakya'], 'price': ['NPR.498']}
2021-05-30 11:29:33 [scrapy] DEBUG: Scraped from <200 https://booksmandala.com/search?name=jiwan&page=1>
{'title': ['/books/jiwan-kya-hai'], 'author': ['Osho'], 'price': ['NPR.312']}
2021-05-30 11:29:33 [scrapy] DEBUG: Scraped from <200 https://booksmandala.com/search?name=jiwan&page=1>
{'title': ['/books/kabi-bhanubhaktako-jiwancharitra'], 'author': ['Motiram bhatta'], 'price': ['NPR.125']}
2021-05-30 11:29:34 [scrapy] DEBUG: Scraped from <200 https://booksmandala.com/search?name=jiwan&page=1>
{'title': ['/books/jiwan-manthan'], 'author': ['Dr yogi bibekanandha'], 'price': ['NPR.150']}
2021-05-30 11:29:34 [scrapy] DEBUG: Scraped from <200 https://booksmandala.com/search?name=jiwan&page=1>
{'title': ['/books/kaiyou-jiwan-kaiyou-debatma'], 'author': ['Brayan Bij'], 'price': ['NPR.350']}
2021-05-30 11:29:34 [scrapy] DEBUG: Scraped from <200 https://booksmandala.com/search?name=jiwan&page=1>
{'title': ['/books/जीवन-कतिपय-jiwan-katipaya'], 'author': ['Janakraj Sapkota, जनकराज सापकोटा'], 'price': ['NPR.250']}
2021-05-30 11:29:34 [scrapy] DEBUG: Scraped from <200 https://booksmandala.com/search?name=jiwan&page=1>
{'title': ['/books/rastiya-jiwan-ma-shana-pradhan'], 'author': ['Govinda Gyawali '], 'price': ['NPR.175']}
2021-05-30 11:29:34 [scrapy] DEBUG: Scraped from <200 https://booksmandala.com/search?name=jiwan&page=1>
{'title': ['/books/antarikshako-khoj-jiwanko-khoj'], 'author': ['Achyut Koirala'], 'price': ['NPR.175']}
2021-05-30 11:29:34 [scrapy] DEBUG: Scraped from <200 https://booksmandala.com/search?name=jiwan&page=1>
{'title': ['/books/bir-saputako-jiwani'], 'author': ['S. P. Shrestha'], 'price': ['NPR.90']}
2021-05-30 11:29:34 [scrapy] DEBUG: Scraped from <200 https://booksmandala.com/search?name=jiwan&page=1>
{'title': ['/books/byasta-jiwan-me-iswor-ki-khoj'], 'author': ['Osho'], 'price': ['NPR.280']}
2021-05-30 11:29:34 [scrapy] INFO: Closing spider (finished)
2021-05-30 11:29:34 [scrapy] INFO: Dumping Scrapy stats:
{'downloader/request_bytes': 320,
 'downloader/request_count': 1,
 'downloader/request_method_count/GET': 1,
 'downloader/response_bytes': 20293,
 'downloader/response_count': 1,
 'downloader/response_status_count/200': 1,
 'elapsed_time_seconds': 1.687358,
 'finish_reason': 'finished',
 'finish_time': datetime.datetime(2021, 5, 30, 5, 44, 34, 235325),
 'httpcompression/response_bytes': 204152,
 'httpcompression/response_count': 1,
 'item_scraped_count': 10,
 'log_count/DEBUG': 12,
 'log_count/INFO': 7,
 'log_count/WARNING': 45,
 'response_received_count': 1,
 'scheduler/dequeued': 1,
 'scheduler/dequeued/memory': 1,
 'scheduler/enqueued': 1,
 'scheduler/enqueued/memory': 1,
 'start_time': datetime.datetime(2021, 5, 30, 5, 44, 32, 547967)}
2021-05-30 11:29:34 [scrapy] INFO: Spider closed (finished)
