2021-05-29 15:46:51 [scrapy] DEBUG: Crawled (200) <GET https://booksmandala.com/search?name=jiwan&page=1> (referer: None)
2021-05-29 15:46:52 [scrapy] DEBUG: Scraped from <200 https://booksmandala.com/search?name=jiwan&page=1>
{'title': ['/books/kosh-jiwan-pachhiko-jiwan'], 'author': ['Karna Shakya'], 'price': ['NPR.498']}
2021-05-29 15:46:52 [scrapy] DEBUG: Scraped from <200 https://booksmandala.com/search?name=jiwan&page=1>
{'title': ['/books/jiwan-kya-hai'], 'author': ['Osho'], 'price': ['NPR.312']}
2021-05-29 15:46:52 [scrapy] DEBUG: Scraped from <200 https://booksmandala.com/search?name=jiwan&page=1>
{'title': ['/books/kabi-bhanubhaktako-jiwancharitra'], 'author': ['Motiram bhatta'], 'price': ['NPR.125']}
2021-05-29 15:46:52 [scrapy] DEBUG: Scraped from <200 https://booksmandala.com/search?name=jiwan&page=1>
{'title': ['/books/jiwan-manthan'], 'author': ['Dr yogi bibekanandha'], 'price': ['NPR.150']}
2021-05-29 15:46:52 [scrapy] DEBUG: Scraped from <200 https://booksmandala.com/search?name=jiwan&page=1>
{'title': ['/books/kaiyou-jiwan-kaiyou-debatma'], 'author': ['Brayan Bij'], 'price': ['NPR.350']}
2021-05-29 15:46:52 [scrapy] DEBUG: Scraped from <200 https://booksmandala.com/search?name=jiwan&page=1>
{'title': ['/books/जीवन-कतिपय-jiwan-katipaya'], 'author': ['Janakraj Sapkota, जनकराज सापकोटा'], 'price': ['NPR.250']}
2021-05-29 15:46:52 [scrapy] DEBUG: Scraped from <200 https://booksmandala.com/search?name=jiwan&page=1>
{'title': ['/books/rastiya-jiwan-ma-shana-pradhan'], 'author': ['Govinda Gyawali '], 'price': ['NPR.175']}
2021-05-29 15:46:52 [scrapy] DEBUG: Scraped from <200 https://booksmandala.com/search?name=jiwan&page=1>
{'title': ['/books/antarikshako-khoj-jiwanko-khoj'], 'author': ['Achyut Koirala'], 'price': ['NPR.175']}
2021-05-29 15:46:52 [scrapy] DEBUG: Scraped from <200 https://booksmandala.com/search?name=jiwan&page=1>
{'title': ['/books/bir-saputako-jiwani'], 'author': ['S. P. Shrestha'], 'price': ['NPR.90']}
2021-05-29 15:46:52 [scrapy] DEBUG: Scraped from <200 https://booksmandala.com/search?name=jiwan&page=1>
{'title': ['/books/byasta-jiwan-me-iswor-ki-khoj'], 'author': ['Osho'], 'price': ['NPR.280']}
2021-05-29 15:46:54 [scrapy] DEBUG: Crawled (200) <GET https://booksmandala.com/search?name=jiwan&page=2> (referer: https://booksmandala.com/search?name=jiwan&page=1)
2021-05-29 15:46:54 [scrapy] DEBUG: Scraped from <200 https://booksmandala.com/search?name=jiwan&page=2>
{'title': ['/books/balapan-jiwanko'], 'author': ['Ramesh Shrestha'], 'price': ['NPR.350']}
2021-05-29 15:46:54 [scrapy] DEBUG: Scraped from <200 https://booksmandala.com/search?name=jiwan&page=2>
{'title': ['/books/grihasti-jiwan-garshan'], 'author': ['Jay Gurudeb'], 'price': ['NPR.300']}
2021-05-29 15:46:54 [scrapy] DEBUG: Scraped from <200 https://booksmandala.com/search?name=jiwan&page=2>
{'title': ['/books/santa-jiwangatha'], 'author': ['S.P Shrestha'], 'price': ['NPR.395']}
2021-05-29 15:46:54 [scrapy] DEBUG: Scraped from <200 https://booksmandala.com/search?name=jiwan&page=2>
{'title': ['/books/manis-ko-swarnim-bhabishya-ra-sahaj-jiwanko-sutra'], 'author': ['Osho Translate by Binita Poudel'], 'price': ['NPR.350']}
2021-05-29 15:46:54 [scrapy] DEBUG: Scraped from <200 https://booksmandala.com/search?name=jiwan&page=2>
{'title': ['/books/gautam-buddha-jiwani-ra-darshan'], 'author': ['Roshan Dahal'], 'price': ['NPR.450']}
2021-05-29 15:46:54 [scrapy] DEBUG: Scraped from <200 https://booksmandala.com/search?name=jiwan&page=2>
{'title': ['/books/desh-kina-banena-1'], 'author': ['Jiwan prashat Rai'], 'price': ['NPR.375']}
2021-05-29 15:46:54 [scrapy] DEBUG: Scraped from <200 https://booksmandala.com/search?name=jiwan&page=2>
{'title': ['/books/yasto-hosh-jiwan-shaili'], 'author': ['Da. raju Adhikari'], 'price': ['NPR.300']}
2021-05-29 15:46:54 [scrapy] DEBUG: Scraped from <200 https://booksmandala.com/search?name=jiwan&page=2>
{'title': ['/books/jiwan-batai-jiwan-aauchha'], 'author': [], 'price': ['NPR.150']}
2021-05-29 15:46:54 [scrapy] DEBUG: Scraped from <200 https://booksmandala.com/search?name=jiwan&page=2>
{'title': ['/books/maharaja-chandra-shamsherko-jiwani-the-life-of-maharaja-chandra-shamsher'], 'author': ['Prakash A. Raj'], 'price': ['NPR.150']}
2021-05-29 15:46:54 [scrapy] DEBUG: Scraped from <200 https://booksmandala.com/search?name=jiwan&page=2>
{'title': ['/books/jiwan-kaha-chha'], 'author': ['Osho'], 'price': ['NPR.335']}
2021-05-29 15:46:54 [scrapy] INFO: Closing spider (finished)
2021-05-29 15:46:54 [scrapy] INFO: Dumping Scrapy stats:
{'downloader/request_bytes': 1233,
 'downloader/request_count': 2,
 'downloader/request_method_count/GET': 2,
 'downloader/response_bytes': 39233,
 'downloader/response_count': 2,
 'downloader/response_status_count/200': 2,
 'elapsed_time_seconds': 4.764924,
 'finish_reason': 'finished',
 'finish_time': datetime.datetime(2021, 5, 29, 10, 1, 54, 249794),
 'httpcompression/response_bytes': 394586,
 'httpcompression/response_count': 2,
 'item_scraped_count': 20,
 'log_count/DEBUG': 48,
 'log_count/INFO': 7,
 'log_count/WARNING': 45,
 'request_depth_max': 1,
 'response_received_count': 2,
 'scheduler/dequeued': 2,
 'scheduler/dequeued/memory': 2,
 'scheduler/enqueued': 2,
 'scheduler/enqueued/memory': 2,
 'start_time': datetime.datetime(2021, 5, 29, 10, 1, 49, 484870)}
2021-05-29 15:46:54 [scrapy] INFO: Spider closed (finished)
